20181126125616
20181126130111
/bin/bash: which: command not found
/bin/bash: which: command not found
$ git clone "git://github.com/bixelsnl/ispconfig-docroot-poc.git" "/web/releases/20181126130225" --branch="master" --depth="1"
git clone "git://github.com/bixelsnl/ispconfig-docroot-poc.git" "/web/releases/20181126130225" --branch="master" --depth="1"
Cloning into '/web/releases/20181126130225'...
/bin/bash: which: command not found
$ cd /web/releases/20181126130225
$ APP_ENV=prod /opt/rh/rh-php70/root/bin/php /private/composer.phar install --no-interaction --no-dev --prefer-dist
cd /web/releases/20181126130225
APP_ENV=prod /opt/rh/rh-php70/root/bin/php /private/composer.phar install --no-interaction --no-dev --prefer-dist
Loading composer repositories with package information
Installing dependencies from lock file
Package operations: 37 installs, 0 updates, 0 removals
As there is no 'unzip' command installed zip files are being unpacked using the PHP zip extension.
This may cause invalid reports of corrupted archives. Besides, any UNIX permissions (e.g. executable) defined in the archives will be lost.
Installing 'unzip' may remediate them.
  - Installing doctrine/lexer (v1.0.1): Loading from cache
  - Installing doctrine/annotations (v1.4.0): Loading from cache
  - Installing symfony/polyfill-ctype (v1.10.0): Loading from cache
  - Installing twig/twig (v1.35.4): Loading from cache
  - Installing paragonie/random_compat (v2.0.17): Loading from cache
  - Installing symfony/polyfill-php70 (v1.10.0): Loading from cache
  - Installing symfony/polyfill-util (v1.10.0): Loading from cache
  - Installing symfony/polyfill-php56 (v1.10.0): Loading from cache
  - Installing symfony/polyfill-mbstring (v1.10.0): Loading from cache
  - Installing symfony/symfony (v3.4.18): Loading from cache
  - Installing symfony/polyfill-intl-icu (v1.10.0): Loading from cache
  - Installing symfony/polyfill-apcu (v1.10.0): Loading from cache
  - Installing psr/simple-cache (1.0.1): Loading from cache
  - Installing psr/log (1.0.2): Loading from cache
  - Installing psr/link (1.0.0): Loading from cache
  - Installing psr/container (1.0.0): Loading from cache
  - Installing psr/cache (1.0.1): Loading from cache
  - Installing fig/link-util (1.0.0): Loading from cache
  - Installing doctrine/inflector (v1.1.0): Loading from cache
  - Installing doctrine/collections (v1.4.0): Loading from cache
  - Installing doctrine/cache (v1.6.2): Loading from cache
  - Installing doctrine/common (v2.7.3): Loading from cache
  - Installing jdorn/sql-formatter (v1.2.17): Loading from cache
  - Installing doctrine/doctrine-cache-bundle (1.3.3): Loading from cache
  - Installing doctrine/dbal (v2.5.13): Loading from cache
  - Installing doctrine/doctrine-bundle (1.9.1): Loading from cache
  - Installing doctrine/instantiator (1.0.5): Loading from cache
  - Installing doctrine/orm (v2.5.14): Loading from cache
  - Installing incenteev/composer-parameter-handler (v2.1.3): Loading from cache
  - Installing composer/ca-bundle (1.1.3): Loading from cache
  - Installing sensiolabs/security-checker (v5.0.1): Loading from cache
  - Installing sensio/distribution-bundle (v5.0.23): Loading from cache
  - Installing sensio/framework-extra-bundle (v5.2.2): Loading from cache
  - Installing monolog/monolog (1.23.0): Loading from cache
  - Installing symfony/monolog-bundle (v3.3.0): Loading from cache
  - Installing swiftmailer/swiftmailer (v5.4.12): Loading from cache
  - Installing symfony/swiftmailer-bundle (v2.6.7): Loading from cache
Generating autoload files
> Incenteev\ParameterHandler\ScriptHandler::buildParameters
Creating the "app/config/parameters.yml" file
> Sensio\Bundle\DistributionBundle\Composer\ScriptHandler::buildBootstrap
> Sensio\Bundle\DistributionBundle\Composer\ScriptHandler::clearCache
PHP Fatal error:  Uncaught Symfony\Component\Debug\Exception\ClassNotFoundException: Attempted to load class "SensioGeneratorBundle" from namespace "Sensio\Bundle\GeneratorBundle".
Did you forget a "use" statement for another namespace? in /web/releases/20181126130225/app/AppKernel.php:28
Stack trace:
#0 /web/releases/20181126130225/vendor/symfony/symfony/src/Symfony/Component/HttpKernel/Kernel.php(488): AppKernel->registerBundles()
#1 /web/releases/20181126130225/vendor/symfony/symfony/src/Symfony/Component/HttpKernel/Kernel.php(132): Symfony\Component\HttpKernel\Kernel->initializeBundles()
#2 /web/releases/20181126130225/vendor/symfony/symfony/src/Symfony/Bundle/FrameworkBundle/Console/Application.php(64): Symfony\Component\HttpKernel\Kernel->boot()
#3 /web/releases/20181126130225/vendor/symfony/symfony/src/Symfony/Component/Console/Application.php(148): Symfony\Bundle\FrameworkBundle\Console\Application->doRun(Object(Symfony\Component\Console\Input\ArgvInput), Object(Symfony\Component\Console\Output\ConsoleOutput))
#4 /web/ in /web/releases/20181126130225/app/AppKernel.php on line 28
Script Sensio\Bundle\DistributionBundle\Composer\ScriptHandler::clearCache handling the symfony-scripts event terminated with an exception

                                                                                                                                                                                                                                                                                   
  [RuntimeException]                                                                                                                                                                                                                                                               
  An error occurred when executing the "'cache:clear --no-warmup'" command:                                                                                                                                                                                                        
                                                                                                                                                                                                                                                                                   
                                                                                                                                                                                                                                                                                   
                                                                                                                                                                                                                                                                                   
  PHP Fatal error:  Uncaught Symfony\Component\Debug\Exception\ClassNotFoundException: Attempted to load class "SensioGeneratorBundle" from namespace "Sensio\Bundle\GeneratorBundle".                                                                                             
  Did you forget a "use" statement for another namespace? in /web/releases/20181126130225/app/AppKernel.php:28                                                                                                                                                                     
  Stack trace:                                                                                                                                                                                                                                                                     
  #0 /web/releases/20181126130225/vendor/symfony/symfony/src/Symfony/Component/HttpKernel/Kernel.php(488): AppKernel->registerBundles()                                                                                                                                            
  #1 /web/releases/20181126130225/vendor/symfony/symfony/src/Symfony/Component/HttpKernel/Kernel.php(132): Symfony\Component\HttpKernel\Kernel->initializeBundles()                                                                                                                
  #2 /web/releases/20181126130225/vendor/symfony/symfony/src/Symfony/Bundle/FrameworkBundle/Console/Application.php(64): Symfony\Component\HttpKernel\Kernel->boot()                                                                                                               
  #3 /web/releases/20181126130225/vendor/symfony/symfony/src/Symfony/Component/Console/Application.php(148): Symfony\Bundle\FrameworkBundle\Console\Application->doRun(Object(Symfony\Component\Console\Input\ArgvInput), Object(Symfony\Component\Console\Output\ConsoleOutput))  
  #4 /web/ in /web/releases/20181126130225/app/AppKernel.php on line 28                                                                                                                                                                                                            
                                                                                                                                                                                                                                                                                   

install [--prefer-source] [--prefer-dist] [--dry-run] [--dev] [--no-dev] [--no-custom-installers] [--no-autoloader] [--no-scripts] [--no-progress] [--no-suggest] [-v|vv|vvv|--verbose] [-o|--optimize-autoloader] [-a|--classmap-authoritative] [--apcu-autoloader] [--ignore-platform-reqs] [--] [<packages>]...
